=== puma startup: 2018-12-21 12:03:34 +0800 ===
[24007] - Worker 0 (pid: 24010) booted, phase: 0
Started GET "/" for 86.121.43.113 at 2018-12-21 12:04:17 +0800
Cannot render console from 86.121.43.113! Allowed networks: 127.0.0.1, ::1, 127.0.0.0/127.255.255.255
  
ActiveRecord::ConnectionTimeoutError (could not obtain a connection from the pool within 5.000 seconds (waited 5.000 seconds); all pooled connections were in use):
  
activerecord (5.2.2) lib/active_record/connection_adapters/abstract/connection_pool.rb:201:in `block in wait_poll'
activerecord (5.2.2) lib/active_record/connection_adapters/abstract/connection_pool.rb:190:in `loop'
activerecord (5.2.2) lib/active_record/connection_adapters/abstract/connection_pool.rb:190:in `wait_poll'
activerecord (5.2.2) lib/active_record/connection_adapters/abstract/connection_pool.rb:151:in `internal_poll'
activerecord (5.2.2) lib/active_record/connection_adapters/abstract/connection_pool.rb:277:in `internal_poll'
activerecord (5.2.2) lib/active_record/connection_adapters/abstract/connection_pool.rb:145:in `block in poll'
/home/deployer/.rvm/rubies/ruby-2.3.1/lib/ruby/2.3.0/monitor.rb:214:in `mon_synchronize'
activerecord (5.2.2) lib/active_record/connection_adapters/abstract/connection_pool.rb:155:in `synchronize'
activerecord (5.2.2) lib/active_record/connection_adapters/abstract/connection_pool.rb:145:in `poll'
activerecord (5.2.2) lib/active_record/connection_adapters/abstract/connection_pool.rb:799:in `acquire_connection'
activerecord (5.2.2) lib/active_record/connection_adapters/abstract/connection_pool.rb:523:in `checkout'
activerecord (5.2.2) lib/active_record/connection_adapters/abstract/connection_pool.rb:382:in `connection'
activerecord (5.2.2) lib/active_record/connection_adapters/abstract/connection_pool.rb:1010:in `retrieve_connection'
activerecord (5.2.2) lib/active_record/connection_handling.rb:118:in `retrieve_connection'
activerecord (5.2.2) lib/active_record/connection_handling.rb:90:in `connection'
activerecord (5.2.2) lib/active_record/migration.rb:554:in `call'
actionpack (5.2.2) lib/action_dispatch/middleware/callbacks.rb:28:in `block in call'
activesupport (5.2.2) lib/active_support/callbacks.rb:98:in `run_callbacks'
actionpack (5.2.2) lib/action_dispatch/middleware/callbacks.rb:26:in `call'
actionpack (5.2.2) lib/action_dispatch/middleware/executor.rb:14:in `call'
actionpack (5.2.2) lib/action_dispatch/middleware/debug_exceptions.rb:61:in `call'
web-console (3.7.0) lib/web_console/middleware.rb:135:in `call_app'
web-console (3.7.0) lib/web_console/middleware.rb:22:in `block in call'
web-console (3.7.0) lib/web_console/middleware.rb:20:in `catch'
web-console (3.7.0) lib/web_console/middleware.rb:20:in `call'
actionpack (5.2.2) lib/action_dispatch/middleware/show_exceptions.rb:33:in `call'
railties (5.2.2) lib/rails/rack/logger.rb:38:in `call_app'
railties (5.2.2) lib/rails/rack/logger.rb:26:in `block in call'
activesupport (5.2.2) lib/active_support/tagged_logging.rb:71:in `block in tagged'
activesupport (5.2.2) lib/active_support/tagged_logging.rb:28:in `tagged'
activesupport (5.2.2) lib/active_support/tagged_logging.rb:71:in `tagged'
railties (5.2.2) lib/rails/rack/logger.rb:26:in `call'
sprockets-rails (3.2.1) lib/sprockets/rails/quiet_assets.rb:13:in `call'
actionpack (5.2.2) lib/action_dispatch/middleware/remote_ip.rb:81:in `call'
actionpack (5.2.2) lib/action_dispatch/middleware/request_id.rb:27:in `call'
rack (2.0.6) lib/rack/method_override.rb:22:in `call'
rack (2.0.6) lib/rack/runtime.rb:22:in `call'
activesupport (5.2.2) lib/active_support/cache/strategy/local_cache_middleware.rb:29:in `call'
actionpack (5.2.2) lib/action_dispatch/middleware/executor.rb:14:in `call'
actionpack (5.2.2) lib/action_dispatch/middleware/static.rb:127:in `call'
rack (2.0.6) lib/rack/sendfile.rb:111:in `call'
railties (5.2.2) lib/rails/engine.rb:524:in `call'
puma (3.12.0) lib/puma/configuration.rb:225:in `call'
puma (3.12.0) lib/puma/server.rb:658:in `handle_request'
puma (3.12.0) lib/puma/server.rb:472:in `process_client'
puma (3.12.0) lib/puma/server.rb:332:in `block in run'
puma (3.12.0) lib/puma/thread_pool.rb:133:in `block in spawn_thread'
Started GET "/" for 180.169.229.242 at 2018-12-21 12:13:11 +0800
Cannot render console from 180.169.229.242! Allowed networks: 127.0.0.1, ::1, 127.0.0.0/127.255.255.255
  
ActiveRecord::ConnectionTimeoutError (could not obtain a connection from the pool within 5.000 seconds (waited 5.000 seconds); all pooled connections were in use):
  
activerecord (5.2.2) lib/active_record/connection_adapters/abstract/connection_pool.rb:201:in `block in wait_poll'
activerecord (5.2.2) lib/active_record/connection_adapters/abstract/connection_pool.rb:190:in `loop'
activerecord (5.2.2) lib/active_record/connection_adapters/abstract/connection_pool.rb:190:in `wait_poll'
activerecord (5.2.2) lib/active_record/connection_adapters/abstract/connection_pool.rb:151:in `internal_poll'
activerecord (5.2.2) lib/active_record/connection_adapters/abstract/connection_pool.rb:277:in `internal_poll'
activerecord (5.2.2) lib/active_record/connection_adapters/abstract/connection_pool.rb:145:in `block in poll'
/home/deployer/.rvm/rubies/ruby-2.3.1/lib/ruby/2.3.0/monitor.rb:214:in `mon_synchronize'
activerecord (5.2.2) lib/active_record/connection_adapters/abstract/connection_pool.rb:155:in `synchronize'
activerecord (5.2.2) lib/active_record/connection_adapters/abstract/connection_pool.rb:145:in `poll'
activerecord (5.2.2) lib/active_record/connection_adapters/abstract/connection_pool.rb:799:in `acquire_connection'
activerecord (5.2.2) lib/active_record/connection_adapters/abstract/connection_pool.rb:523:in `checkout'
activerecord (5.2.2) lib/active_record/connection_adapters/abstract/connection_pool.rb:382:in `connection'
activerecord (5.2.2) lib/active_record/connection_adapters/abstract/connection_pool.rb:1010:in `retrieve_connection'
activerecord (5.2.2) lib/active_record/connection_handling.rb:118:in `retrieve_connection'
activerecord (5.2.2) lib/active_record/connection_handling.rb:90:in `connection'
activerecord (5.2.2) lib/active_record/migration.rb:554:in `call'
actionpack (5.2.2) lib/action_dispatch/middleware/callbacks.rb:28:in `block in call'
activesupport (5.2.2) lib/active_support/callbacks.rb:98:in `run_callbacks'
actionpack (5.2.2) lib/action_dispatch/middleware/callbacks.rb:26:in `call'
actionpack (5.2.2) lib/action_dispatch/middleware/executor.rb:14:in `call'
actionpack (5.2.2) lib/action_dispatch/middleware/debug_exceptions.rb:61:in `call'
web-console (3.7.0) lib/web_console/middleware.rb:135:in `call_app'
web-console (3.7.0) lib/web_console/middleware.rb:22:in `block in call'
web-console (3.7.0) lib/web_console/middleware.rb:20:in `catch'
web-console (3.7.0) lib/web_console/middleware.rb:20:in `call'
actionpack (5.2.2) lib/action_dispatch/middleware/show_exceptions.rb:33:in `call'
railties (5.2.2) lib/rails/rack/logger.rb:38:in `call_app'
railties (5.2.2) lib/rails/rack/logger.rb:26:in `block in call'
activesupport (5.2.2) lib/active_support/tagged_logging.rb:71:in `block in tagged'
activesupport (5.2.2) lib/active_support/tagged_logging.rb:28:in `tagged'
activesupport (5.2.2) lib/active_support/tagged_logging.rb:71:in `tagged'
railties (5.2.2) lib/rails/rack/logger.rb:26:in `call'
sprockets-rails (3.2.1) lib/sprockets/rails/quiet_assets.rb:13:in `call'
actionpack (5.2.2) lib/action_dispatch/middleware/remote_ip.rb:81:in `call'
actionpack (5.2.2) lib/action_dispatch/middleware/request_id.rb:27:in `call'
rack (2.0.6) lib/rack/method_override.rb:22:in `call'
rack (2.0.6) lib/rack/runtime.rb:22:in `call'
activesupport (5.2.2) lib/active_support/cache/strategy/local_cache_middleware.rb:29:in `call'
actionpack (5.2.2) lib/action_dispatch/middleware/executor.rb:14:in `call'
actionpack (5.2.2) lib/action_dispatch/middleware/static.rb:127:in `call'
rack (2.0.6) lib/rack/sendfile.rb:111:in `call'
railties (5.2.2) lib/rails/engine.rb:524:in `call'
puma (3.12.0) lib/puma/configuration.rb:225:in `call'
puma (3.12.0) lib/puma/server.rb:658:in `handle_request'
puma (3.12.0) lib/puma/server.rb:472:in `process_client'
puma (3.12.0) lib/puma/server.rb:332:in `block in run'
puma (3.12.0) lib/puma/thread_pool.rb:133:in `block in spawn_thread'
Started GET "/" for 180.169.229.242 at 2018-12-21 12:13:20 +0800
Cannot render console from 180.169.229.242! Allowed networks: 127.0.0.1, ::1, 127.0.0.0/127.255.255.255
  
ActiveRecord::ConnectionTimeoutError (could not obtain a connection from the pool within 5.000 seconds (waited 5.000 seconds); all pooled connections were in use):
  
activerecord (5.2.2) lib/active_record/connection_adapters/abstract/connection_pool.rb:201:in `block in wait_poll'
activerecord (5.2.2) lib/active_record/connection_adapters/abstract/connection_pool.rb:190:in `loop'
activerecord (5.2.2) lib/active_record/connection_adapters/abstract/connection_pool.rb:190:in `wait_poll'
activerecord (5.2.2) lib/active_record/connection_adapters/abstract/connection_pool.rb:151:in `internal_poll'
activerecord (5.2.2) lib/active_record/connection_adapters/abstract/connection_pool.rb:277:in `internal_poll'
activerecord (5.2.2) lib/active_record/connection_adapters/abstract/connection_pool.rb:145:in `block in poll'
/home/deployer/.rvm/rubies/ruby-2.3.1/lib/ruby/2.3.0/monitor.rb:214:in `mon_synchronize'
activerecord (5.2.2) lib/active_record/connection_adapters/abstract/connection_pool.rb:155:in `synchronize'
activerecord (5.2.2) lib/active_record/connection_adapters/abstract/connection_pool.rb:145:in `poll'
activerecord (5.2.2) lib/active_record/connection_adapters/abstract/connection_pool.rb:799:in `acquire_connection'
activerecord (5.2.2) lib/active_record/connection_adapters/abstract/connection_pool.rb:523:in `checkout'
activerecord (5.2.2) lib/active_record/connection_adapters/abstract/connection_pool.rb:382:in `connection'
activerecord (5.2.2) lib/active_record/connection_adapters/abstract/connection_pool.rb:1010:in `retrieve_connection'
activerecord (5.2.2) lib/active_record/connection_handling.rb:118:in `retrieve_connection'
activerecord (5.2.2) lib/active_record/connection_handling.rb:90:in `connection'
activerecord (5.2.2) lib/active_record/migration.rb:554:in `call'
actionpack (5.2.2) lib/action_dispatch/middleware/callbacks.rb:28:in `block in call'
activesupport (5.2.2) lib/active_support/callbacks.rb:98:in `run_callbacks'
actionpack (5.2.2) lib/action_dispatch/middleware/callbacks.rb:26:in `call'
actionpack (5.2.2) lib/action_dispatch/middleware/executor.rb:14:in `call'
actionpack (5.2.2) lib/action_dispatch/middleware/debug_exceptions.rb:61:in `call'
web-console (3.7.0) lib/web_console/middleware.rb:135:in `call_app'
web-console (3.7.0) lib/web_console/middleware.rb:22:in `block in call'
web-console (3.7.0) lib/web_console/middleware.rb:20:in `catch'
web-console (3.7.0) lib/web_console/middleware.rb:20:in `call'
actionpack (5.2.2) lib/action_dispatch/middleware/show_exceptions.rb:33:in `call'
railties (5.2.2) lib/rails/rack/logger.rb:38:in `call_app'
railties (5.2.2) lib/rails/rack/logger.rb:26:in `block in call'
activesupport (5.2.2) lib/active_support/tagged_logging.rb:71:in `block in tagged'
activesupport (5.2.2) lib/active_support/tagged_logging.rb:28:in `tagged'
activesupport (5.2.2) lib/active_support/tagged_logging.rb:71:in `tagged'
railties (5.2.2) lib/rails/rack/logger.rb:26:in `call'
sprockets-rails (3.2.1) lib/sprockets/rails/quiet_assets.rb:13:in `call'
actionpack (5.2.2) lib/action_dispatch/middleware/remote_ip.rb:81:in `call'
actionpack (5.2.2) lib/action_dispatch/middleware/request_id.rb:27:in `call'
rack (2.0.6) lib/rack/method_override.rb:22:in `call'
rack (2.0.6) lib/rack/runtime.rb:22:in `call'
activesupport (5.2.2) lib/active_support/cache/strategy/local_cache_middleware.rb:29:in `call'
actionpack (5.2.2) lib/action_dispatch/middleware/executor.rb:14:in `call'
actionpack (5.2.2) lib/action_dispatch/middleware/static.rb:127:in `call'
rack (2.0.6) lib/rack/sendfile.rb:111:in `call'
railties (5.2.2) lib/rails/engine.rb:524:in `call'
puma (3.12.0) lib/puma/configuration.rb:225:in `call'
puma (3.12.0) lib/puma/server.rb:658:in `handle_request'
puma (3.12.0) lib/puma/server.rb:472:in `process_client'
puma (3.12.0) lib/puma/server.rb:332:in `block in run'
puma (3.12.0) lib/puma/thread_pool.rb:133:in `block in spawn_thread'
=== puma startup: 2018-12-21 12:14:37 +0800 ===
=== puma startup: 2018-12-21 12:14:37 +0800 ===
[24007] Early termination of worker
[24010] ! Detected parent died, dying
=== puma startup: 2018-12-21 12:20:00 +0800 ===
[1204] - Worker 0 (pid: 1207) booted, phase: 0
Started GET "/" for 180.169.229.242 at 2018-12-21 12:20:06 +0800
Cannot render console from 180.169.229.242! Allowed networks: 127.0.0.1, ::1, 127.0.0.0/127.255.255.255
  
ActiveRecord::ConnectionTimeoutError (could not obtain a connection from the pool within 5.000 seconds (waited 5.000 seconds); all pooled connections were in use):
  
activerecord (5.2.2) lib/active_record/connection_adapters/abstract/connection_pool.rb:201:in `block in wait_poll'
activerecord (5.2.2) lib/active_record/connection_adapters/abstract/connection_pool.rb:190:in `loop'
activerecord (5.2.2) lib/active_record/connection_adapters/abstract/connection_pool.rb:190:in `wait_poll'
activerecord (5.2.2) lib/active_record/connection_adapters/abstract/connection_pool.rb:151:in `internal_poll'
activerecord (5.2.2) lib/active_record/connection_adapters/abstract/connection_pool.rb:277:in `internal_poll'
activerecord (5.2.2) lib/active_record/connection_adapters/abstract/connection_pool.rb:145:in `block in poll'
/home/deployer/.rvm/rubies/ruby-2.3.1/lib/ruby/2.3.0/monitor.rb:214:in `mon_synchronize'
activerecord (5.2.2) lib/active_record/connection_adapters/abstract/connection_pool.rb:155:in `synchronize'
activerecord (5.2.2) lib/active_record/connection_adapters/abstract/connection_pool.rb:145:in `poll'
activerecord (5.2.2) lib/active_record/connection_adapters/abstract/connection_pool.rb:799:in `acquire_connection'
activerecord (5.2.2) lib/active_record/connection_adapters/abstract/connection_pool.rb:523:in `checkout'
activerecord (5.2.2) lib/active_record/connection_adapters/abstract/connection_pool.rb:382:in `connection'
activerecord (5.2.2) lib/active_record/connection_adapters/abstract/connection_pool.rb:1010:in `retrieve_connection'
activerecord (5.2.2) lib/active_record/connection_handling.rb:118:in `retrieve_connection'
activerecord (5.2.2) lib/active_record/connection_handling.rb:90:in `connection'
activerecord (5.2.2) lib/active_record/migration.rb:554:in `call'
actionpack (5.2.2) lib/action_dispatch/middleware/callbacks.rb:28:in `block in call'
activesupport (5.2.2) lib/active_support/callbacks.rb:98:in `run_callbacks'
actionpack (5.2.2) lib/action_dispatch/middleware/callbacks.rb:26:in `call'
actionpack (5.2.2) lib/action_dispatch/middleware/executor.rb:14:in `call'
actionpack (5.2.2) lib/action_dispatch/middleware/debug_exceptions.rb:61:in `call'
web-console (3.7.0) lib/web_console/middleware.rb:135:in `call_app'
web-console (3.7.0) lib/web_console/middleware.rb:22:in `block in call'
web-console (3.7.0) lib/web_console/middleware.rb:20:in `catch'
web-console (3.7.0) lib/web_console/middleware.rb:20:in `call'
actionpack (5.2.2) lib/action_dispatch/middleware/show_exceptions.rb:33:in `call'
railties (5.2.2) lib/rails/rack/logger.rb:38:in `call_app'
railties (5.2.2) lib/rails/rack/logger.rb:26:in `block in call'
activesupport (5.2.2) lib/active_support/tagged_logging.rb:71:in `block in tagged'
activesupport (5.2.2) lib/active_support/tagged_logging.rb:28:in `tagged'
activesupport (5.2.2) lib/active_support/tagged_logging.rb:71:in `tagged'
railties (5.2.2) lib/rails/rack/logger.rb:26:in `call'
sprockets-rails (3.2.1) lib/sprockets/rails/quiet_assets.rb:13:in `call'
actionpack (5.2.2) lib/action_dispatch/middleware/remote_ip.rb:81:in `call'
actionpack (5.2.2) lib/action_dispatch/middleware/request_id.rb:27:in `call'
rack (2.0.6) lib/rack/method_override.rb:22:in `call'
rack (2.0.6) lib/rack/runtime.rb:22:in `call'
activesupport (5.2.2) lib/active_support/cache/strategy/local_cache_middleware.rb:29:in `call'
actionpack (5.2.2) lib/action_dispatch/middleware/executor.rb:14:in `call'
actionpack (5.2.2) lib/action_dispatch/middleware/static.rb:127:in `call'
rack (2.0.6) lib/rack/sendfile.rb:111:in `call'
railties (5.2.2) lib/rails/engine.rb:524:in `call'
puma (3.12.0) lib/puma/configuration.rb:225:in `call'
puma (3.12.0) lib/puma/server.rb:658:in `handle_request'
puma (3.12.0) lib/puma/server.rb:472:in `process_client'
puma (3.12.0) lib/puma/server.rb:332:in `block in run'
puma (3.12.0) lib/puma/thread_pool.rb:133:in `block in spawn_thread'
[1204] Early termination of worker
[1207] ! Detected parent died, dying
=== puma startup: 2018-12-21 12:29:05 +0800 ===
[1324] - Worker 0 (pid: 1327) booted, phase: 0
Started GET "/" for 180.169.229.242 at 2018-12-21 12:29:20 +0800
Cannot render console from 180.169.229.242! Allowed networks: 127.0.0.1, ::1, 127.0.0.0/127.255.255.255
Started GET "/" for 180.169.229.242 at 2018-12-21 12:29:23 +0800
Cannot render console from 180.169.229.242! Allowed networks: 127.0.0.1, ::1, 127.0.0.0/127.255.255.255
  
ActiveRecord::ConnectionTimeoutError (could not obtain a connection from the pool within 5.000 seconds (waited 5.000 seconds); all pooled connections were in use):
  
activerecord (5.2.2) lib/active_record/connection_adapters/abstract/connection_pool.rb:201:in `block in wait_poll'
activerecord (5.2.2) lib/active_record/connection_adapters/abstract/connection_pool.rb:190:in `loop'
activerecord (5.2.2) lib/active_record/connection_adapters/abstract/connection_pool.rb:190:in `wait_poll'
activerecord (5.2.2) lib/active_record/connection_adapters/abstract/connection_pool.rb:151:in `internal_poll'
activerecord (5.2.2) lib/active_record/connection_adapters/abstract/connection_pool.rb:277:in `internal_poll'
activerecord (5.2.2) lib/active_record/connection_adapters/abstract/connection_pool.rb:145:in `block in poll'
/home/deployer/.rvm/rubies/ruby-2.3.1/lib/ruby/2.3.0/monitor.rb:214:in `mon_synchronize'
activerecord (5.2.2) lib/active_record/connection_adapters/abstract/connection_pool.rb:155:in `synchronize'
activerecord (5.2.2) lib/active_record/connection_adapters/abstract/connection_pool.rb:145:in `poll'
activerecord (5.2.2) lib/active_record/connection_adapters/abstract/connection_pool.rb:799:in `acquire_connection'
activerecord (5.2.2) lib/active_record/connection_adapters/abstract/connection_pool.rb:523:in `checkout'
activerecord (5.2.2) lib/active_record/connection_adapters/abstract/connection_pool.rb:382:in `connection'
activerecord (5.2.2) lib/active_record/connection_adapters/abstract/connection_pool.rb:1010:in `retrieve_connection'
activerecord (5.2.2) lib/active_record/connection_handling.rb:118:in `retrieve_connection'
activerecord (5.2.2) lib/active_record/connection_handling.rb:90:in `connection'
activerecord (5.2.2) lib/active_record/migration.rb:554:in `call'
actionpack (5.2.2) lib/action_dispatch/middleware/callbacks.rb:28:in `block in call'
activesupport (5.2.2) lib/active_support/callbacks.rb:98:in `run_callbacks'
actionpack (5.2.2) lib/action_dispatch/middleware/callbacks.rb:26:in `call'
actionpack (5.2.2) lib/action_dispatch/middleware/executor.rb:14:in `call'
actionpack (5.2.2) lib/action_dispatch/middleware/debug_exceptions.rb:61:in `call'
web-console (3.7.0) lib/web_console/middleware.rb:135:in `call_app'
web-console (3.7.0) lib/web_console/middleware.rb:22:in `block in call'
web-console (3.7.0) lib/web_console/middleware.rb:20:in `catch'
web-console (3.7.0) lib/web_console/middleware.rb:20:in `call'
actionpack (5.2.2) lib/action_dispatch/middleware/show_exceptions.rb:33:in `call'
railties (5.2.2) lib/rails/rack/logger.rb:38:in `call_app'
railties (5.2.2) lib/rails/rack/logger.rb:26:in `block in call'
activesupport (5.2.2) lib/active_support/tagged_logging.rb:71:in `block in tagged'
activesupport (5.2.2) lib/active_support/tagged_logging.rb:28:in `tagged'
activesupport (5.2.2) lib/active_support/tagged_logging.rb:71:in `tagged'
railties (5.2.2) lib/rails/rack/logger.rb:26:in `call'
sprockets-rails (3.2.1) lib/sprockets/rails/quiet_assets.rb:13:in `call'
actionpack (5.2.2) lib/action_dispatch/middleware/remote_ip.rb:81:in `call'
actionpack (5.2.2) lib/action_dispatch/middleware/request_id.rb:27:in `call'
rack (2.0.6) lib/rack/method_override.rb:22:in `call'
rack (2.0.6) lib/rack/runtime.rb:22:in `call'
activesupport (5.2.2) lib/active_support/cache/strategy/local_cache_middleware.rb:29:in `call'
actionpack (5.2.2) lib/action_dispatch/middleware/executor.rb:14:in `call'
actionpack (5.2.2) lib/action_dispatch/middleware/static.rb:127:in `call'
rack (2.0.6) lib/rack/sendfile.rb:111:in `call'
railties (5.2.2) lib/rails/engine.rb:524:in `call'
puma (3.12.0) lib/puma/configuration.rb:225:in `call'
puma (3.12.0) lib/puma/server.rb:658:in `handle_request'
puma (3.12.0) lib/puma/server.rb:472:in `process_client'
puma (3.12.0) lib/puma/server.rb:332:in `block in run'
puma (3.12.0) lib/puma/thread_pool.rb:133:in `block in spawn_thread'
  
ActiveRecord::ConnectionTimeoutError (could not obtain a connection from the pool within 5.000 seconds (waited 5.000 seconds); all pooled connections were in use):
  
activerecord (5.2.2) lib/active_record/connection_adapters/abstract/connection_pool.rb:201:in `block in wait_poll'
activerecord (5.2.2) lib/active_record/connection_adapters/abstract/connection_pool.rb:190:in `loop'
activerecord (5.2.2) lib/active_record/connection_adapters/abstract/connection_pool.rb:190:in `wait_poll'
activerecord (5.2.2) lib/active_record/connection_adapters/abstract/connection_pool.rb:151:in `internal_poll'
activerecord (5.2.2) lib/active_record/connection_adapters/abstract/connection_pool.rb:277:in `internal_poll'
activerecord (5.2.2) lib/active_record/connection_adapters/abstract/connection_pool.rb:145:in `block in poll'
/home/deployer/.rvm/rubies/ruby-2.3.1/lib/ruby/2.3.0/monitor.rb:214:in `mon_synchronize'
activerecord (5.2.2) lib/active_record/connection_adapters/abstract/connection_pool.rb:155:in `synchronize'
activerecord (5.2.2) lib/active_record/connection_adapters/abstract/connection_pool.rb:145:in `poll'
activerecord (5.2.2) lib/active_record/connection_adapters/abstract/connection_pool.rb:799:in `acquire_connection'
activerecord (5.2.2) lib/active_record/connection_adapters/abstract/connection_pool.rb:523:in `checkout'
activerecord (5.2.2) lib/active_record/connection_adapters/abstract/connection_pool.rb:382:in `connection'
activerecord (5.2.2) lib/active_record/connection_adapters/abstract/connection_pool.rb:1010:in `retrieve_connection'
activerecord (5.2.2) lib/active_record/connection_handling.rb:118:in `retrieve_connection'
activerecord (5.2.2) lib/active_record/connection_handling.rb:90:in `connection'
activerecord (5.2.2) lib/active_record/migration.rb:554:in `call'
actionpack (5.2.2) lib/action_dispatch/middleware/callbacks.rb:28:in `block in call'
activesupport (5.2.2) lib/active_support/callbacks.rb:98:in `run_callbacks'
actionpack (5.2.2) lib/action_dispatch/middleware/callbacks.rb:26:in `call'
actionpack (5.2.2) lib/action_dispatch/middleware/executor.rb:14:in `call'
actionpack (5.2.2) lib/action_dispatch/middleware/debug_exceptions.rb:61:in `call'
web-console (3.7.0) lib/web_console/middleware.rb:135:in `call_app'
web-console (3.7.0) lib/web_console/middleware.rb:22:in `block in call'
web-console (3.7.0) lib/web_console/middleware.rb:20:in `catch'
web-console (3.7.0) lib/web_console/middleware.rb:20:in `call'
actionpack (5.2.2) lib/action_dispatch/middleware/show_exceptions.rb:33:in `call'
railties (5.2.2) lib/rails/rack/logger.rb:38:in `call_app'
railties (5.2.2) lib/rails/rack/logger.rb:26:in `block in call'
activesupport (5.2.2) lib/active_support/tagged_logging.rb:71:in `block in tagged'
activesupport (5.2.2) lib/active_support/tagged_logging.rb:28:in `tagged'
activesupport (5.2.2) lib/active_support/tagged_logging.rb:71:in `tagged'
railties (5.2.2) lib/rails/rack/logger.rb:26:in `call'
sprockets-rails (3.2.1) lib/sprockets/rails/quiet_assets.rb:13:in `call'
actionpack (5.2.2) lib/action_dispatch/middleware/remote_ip.rb:81:in `call'
actionpack (5.2.2) lib/action_dispatch/middleware/request_id.rb:27:in `call'
rack (2.0.6) lib/rack/method_override.rb:22:in `call'
rack (2.0.6) lib/rack/runtime.rb:22:in `call'
activesupport (5.2.2) lib/active_support/cache/strategy/local_cache_middleware.rb:29:in `call'
actionpack (5.2.2) lib/action_dispatch/middleware/executor.rb:14:in `call'
actionpack (5.2.2) lib/action_dispatch/middleware/static.rb:127:in `call'
rack (2.0.6) lib/rack/sendfile.rb:111:in `call'
railties (5.2.2) lib/rails/engine.rb:524:in `call'
puma (3.12.0) lib/puma/configuration.rb:225:in `call'
puma (3.12.0) lib/puma/server.rb:658:in `handle_request'
puma (3.12.0) lib/puma/server.rb:472:in `process_client'
puma (3.12.0) lib/puma/server.rb:332:in `block in run'
puma (3.12.0) lib/puma/thread_pool.rb:133:in `block in spawn_thread'
Started GET "/" for 180.169.229.242 at 2018-12-21 12:29:37 +0800
Cannot render console from 180.169.229.242! Allowed networks: 127.0.0.1, ::1, 127.0.0.0/127.255.255.255
  
ActiveRecord::ConnectionTimeoutError (could not obtain a connection from the pool within 5.000 seconds (waited 5.001 seconds); all pooled connections were in use):
  
activerecord (5.2.2) lib/active_record/connection_adapters/abstract/connection_pool.rb:201:in `block in wait_poll'
activerecord (5.2.2) lib/active_record/connection_adapters/abstract/connection_pool.rb:190:in `loop'
activerecord (5.2.2) lib/active_record/connection_adapters/abstract/connection_pool.rb:190:in `wait_poll'
activerecord (5.2.2) lib/active_record/connection_adapters/abstract/connection_pool.rb:151:in `internal_poll'
activerecord (5.2.2) lib/active_record/connection_adapters/abstract/connection_pool.rb:277:in `internal_poll'
activerecord (5.2.2) lib/active_record/connection_adapters/abstract/connection_pool.rb:145:in `block in poll'
/home/deployer/.rvm/rubies/ruby-2.3.1/lib/ruby/2.3.0/monitor.rb:214:in `mon_synchronize'
activerecord (5.2.2) lib/active_record/connection_adapters/abstract/connection_pool.rb:155:in `synchronize'
activerecord (5.2.2) lib/active_record/connection_adapters/abstract/connection_pool.rb:145:in `poll'
activerecord (5.2.2) lib/active_record/connection_adapters/abstract/connection_pool.rb:799:in `acquire_connection'
activerecord (5.2.2) lib/active_record/connection_adapters/abstract/connection_pool.rb:523:in `checkout'
activerecord (5.2.2) lib/active_record/connection_adapters/abstract/connection_pool.rb:382:in `connection'
activerecord (5.2.2) lib/active_record/connection_adapters/abstract/connection_pool.rb:1010:in `retrieve_connection'
activerecord (5.2.2) lib/active_record/connection_handling.rb:118:in `retrieve_connection'
activerecord (5.2.2) lib/active_record/connection_handling.rb:90:in `connection'
activerecord (5.2.2) lib/active_record/migration.rb:554:in `call'
actionpack (5.2.2) lib/action_dispatch/middleware/callbacks.rb:28:in `block in call'
activesupport (5.2.2) lib/active_support/callbacks.rb:98:in `run_callbacks'
actionpack (5.2.2) lib/action_dispatch/middleware/callbacks.rb:26:in `call'
actionpack (5.2.2) lib/action_dispatch/middleware/executor.rb:14:in `call'
actionpack (5.2.2) lib/action_dispatch/middleware/debug_exceptions.rb:61:in `call'
web-console (3.7.0) lib/web_console/middleware.rb:135:in `call_app'
web-console (3.7.0) lib/web_console/middleware.rb:22:in `block in call'
web-console (3.7.0) lib/web_console/middleware.rb:20:in `catch'
web-console (3.7.0) lib/web_console/middleware.rb:20:in `call'
actionpack (5.2.2) lib/action_dispatch/middleware/show_exceptions.rb:33:in `call'
railties (5.2.2) lib/rails/rack/logger.rb:38:in `call_app'
railties (5.2.2) lib/rails/rack/logger.rb:26:in `block in call'
activesupport (5.2.2) lib/active_support/tagged_logging.rb:71:in `block in tagged'
activesupport (5.2.2) lib/active_support/tagged_logging.rb:28:in `tagged'
activesupport (5.2.2) lib/active_support/tagged_logging.rb:71:in `tagged'
railties (5.2.2) lib/rails/rack/logger.rb:26:in `call'
sprockets-rails (3.2.1) lib/sprockets/rails/quiet_assets.rb:13:in `call'
actionpack (5.2.2) lib/action_dispatch/middleware/remote_ip.rb:81:in `call'
actionpack (5.2.2) lib/action_dispatch/middleware/request_id.rb:27:in `call'
rack (2.0.6) lib/rack/method_override.rb:22:in `call'
rack (2.0.6) lib/rack/runtime.rb:22:in `call'
activesupport (5.2.2) lib/active_support/cache/strategy/local_cache_middleware.rb:29:in `call'
actionpack (5.2.2) lib/action_dispatch/middleware/executor.rb:14:in `call'
actionpack (5.2.2) lib/action_dispatch/middleware/static.rb:127:in `call'
rack (2.0.6) lib/rack/sendfile.rb:111:in `call'
railties (5.2.2) lib/rails/engine.rb:524:in `call'
puma (3.12.0) lib/puma/configuration.rb:225:in `call'
puma (3.12.0) lib/puma/server.rb:658:in `handle_request'
puma (3.12.0) lib/puma/server.rb:472:in `process_client'
puma (3.12.0) lib/puma/server.rb:332:in `block in run'
puma (3.12.0) lib/puma/thread_pool.rb:133:in `block in spawn_thread'
[1324] Early termination of worker
[1327] ! Detected parent died, dying
=== puma startup: 2018-12-21 12:43:45 +0800 ===
[1468] - Worker 0 (pid: 1471) booted, phase: 0
Started GET "/" for 180.169.229.242 at 2018-12-21 12:44:13 +0800
Cannot render console from 180.169.229.242! Allowed networks: 127.0.0.1, ::1, 127.0.0.0/127.255.255.255
  
ActiveRecord::ConnectionTimeoutError (could not obtain a connection from the pool within 5.000 seconds (waited 5.000 seconds); all pooled connections were in use):
  
activerecord (5.2.2) lib/active_record/connection_adapters/abstract/connection_pool.rb:201:in `block in wait_poll'
activerecord (5.2.2) lib/active_record/connection_adapters/abstract/connection_pool.rb:190:in `loop'
activerecord (5.2.2) lib/active_record/connection_adapters/abstract/connection_pool.rb:190:in `wait_poll'
activerecord (5.2.2) lib/active_record/connection_adapters/abstract/connection_pool.rb:151:in `internal_poll'
activerecord (5.2.2) lib/active_record/connection_adapters/abstract/connection_pool.rb:277:in `internal_poll'
activerecord (5.2.2) lib/active_record/connection_adapters/abstract/connection_pool.rb:145:in `block in poll'
/home/deployer/.rvm/rubies/ruby-2.3.1/lib/ruby/2.3.0/monitor.rb:214:in `mon_synchronize'
activerecord (5.2.2) lib/active_record/connection_adapters/abstract/connection_pool.rb:155:in `synchronize'
activerecord (5.2.2) lib/active_record/connection_adapters/abstract/connection_pool.rb:145:in `poll'
activerecord (5.2.2) lib/active_record/connection_adapters/abstract/connection_pool.rb:799:in `acquire_connection'
activerecord (5.2.2) lib/active_record/connection_adapters/abstract/connection_pool.rb:523:in `checkout'
activerecord (5.2.2) lib/active_record/connection_adapters/abstract/connection_pool.rb:382:in `connection'
activerecord (5.2.2) lib/active_record/connection_adapters/abstract/connection_pool.rb:1010:in `retrieve_connection'
activerecord (5.2.2) lib/active_record/connection_handling.rb:118:in `retrieve_connection'
activerecord (5.2.2) lib/active_record/connection_handling.rb:90:in `connection'
activerecord (5.2.2) lib/active_record/migration.rb:554:in `call'
actionpack (5.2.2) lib/action_dispatch/middleware/callbacks.rb:28:in `block in call'
activesupport (5.2.2) lib/active_support/callbacks.rb:98:in `run_callbacks'
actionpack (5.2.2) lib/action_dispatch/middleware/callbacks.rb:26:in `call'
actionpack (5.2.2) lib/action_dispatch/middleware/executor.rb:14:in `call'
actionpack (5.2.2) lib/action_dispatch/middleware/debug_exceptions.rb:61:in `call'
web-console (3.7.0) lib/web_console/middleware.rb:135:in `call_app'
web-console (3.7.0) lib/web_console/middleware.rb:22:in `block in call'
web-console (3.7.0) lib/web_console/middleware.rb:20:in `catch'
web-console (3.7.0) lib/web_console/middleware.rb:20:in `call'
actionpack (5.2.2) lib/action_dispatch/middleware/show_exceptions.rb:33:in `call'
railties (5.2.2) lib/rails/rack/logger.rb:38:in `call_app'
railties (5.2.2) lib/rails/rack/logger.rb:26:in `block in call'
activesupport (5.2.2) lib/active_support/tagged_logging.rb:71:in `block in tagged'
activesupport (5.2.2) lib/active_support/tagged_logging.rb:28:in `tagged'
activesupport (5.2.2) lib/active_support/tagged_logging.rb:71:in `tagged'
railties (5.2.2) lib/rails/rack/logger.rb:26:in `call'
sprockets-rails (3.2.1) lib/sprockets/rails/quiet_assets.rb:13:in `call'
actionpack (5.2.2) lib/action_dispatch/middleware/remote_ip.rb:81:in `call'
actionpack (5.2.2) lib/action_dispatch/middleware/request_id.rb:27:in `call'
rack (2.0.6) lib/rack/method_override.rb:22:in `call'
rack (2.0.6) lib/rack/runtime.rb:22:in `call'
activesupport (5.2.2) lib/active_support/cache/strategy/local_cache_middleware.rb:29:in `call'
actionpack (5.2.2) lib/action_dispatch/middleware/executor.rb:14:in `call'
actionpack (5.2.2) lib/action_dispatch/middleware/static.rb:127:in `call'
rack (2.0.6) lib/rack/sendfile.rb:111:in `call'
railties (5.2.2) lib/rails/engine.rb:524:in `call'
puma (3.12.0) lib/puma/configuration.rb:225:in `call'
puma (3.12.0) lib/puma/server.rb:658:in `handle_request'
puma (3.12.0) lib/puma/server.rb:472:in `process_client'
puma (3.12.0) lib/puma/server.rb:332:in `block in run'
puma (3.12.0) lib/puma/thread_pool.rb:133:in `block in spawn_thread'
Started GET "/" for 217.29.209.146 at 2018-12-21 12:45:55 +0800
Cannot render console from 217.29.209.146! Allowed networks: 127.0.0.1, ::1, 127.0.0.0/127.255.255.255
  
ActiveRecord::ConnectionTimeoutError (could not obtain a connection from the pool within 5.000 seconds (waited 5.000 seconds); all pooled connections were in use):
  
activerecord (5.2.2) lib/active_record/connection_adapters/abstract/connection_pool.rb:201:in `block in wait_poll'
activerecord (5.2.2) lib/active_record/connection_adapters/abstract/connection_pool.rb:190:in `loop'
activerecord (5.2.2) lib/active_record/connection_adapters/abstract/connection_pool.rb:190:in `wait_poll'
activerecord (5.2.2) lib/active_record/connection_adapters/abstract/connection_pool.rb:151:in `internal_poll'
activerecord (5.2.2) lib/active_record/connection_adapters/abstract/connection_pool.rb:277:in `internal_poll'
activerecord (5.2.2) lib/active_record/connection_adapters/abstract/connection_pool.rb:145:in `block in poll'
/home/deployer/.rvm/rubies/ruby-2.3.1/lib/ruby/2.3.0/monitor.rb:214:in `mon_synchronize'
activerecord (5.2.2) lib/active_record/connection_adapters/abstract/connection_pool.rb:155:in `synchronize'
activerecord (5.2.2) lib/active_record/connection_adapters/abstract/connection_pool.rb:145:in `poll'
activerecord (5.2.2) lib/active_record/connection_adapters/abstract/connection_pool.rb:799:in `acquire_connection'
activerecord (5.2.2) lib/active_record/connection_adapters/abstract/connection_pool.rb:523:in `checkout'
activerecord (5.2.2) lib/active_record/connection_adapters/abstract/connection_pool.rb:382:in `connection'
activerecord (5.2.2) lib/active_record/connection_adapters/abstract/connection_pool.rb:1010:in `retrieve_connection'
activerecord (5.2.2) lib/active_record/connection_handling.rb:118:in `retrieve_connection'
activerecord (5.2.2) lib/active_record/connection_handling.rb:90:in `connection'
activerecord (5.2.2) lib/active_record/migration.rb:554:in `call'
actionpack (5.2.2) lib/action_dispatch/middleware/callbacks.rb:28:in `block in call'
activesupport (5.2.2) lib/active_support/callbacks.rb:98:in `run_callbacks'
actionpack (5.2.2) lib/action_dispatch/middleware/callbacks.rb:26:in `call'
actionpack (5.2.2) lib/action_dispatch/middleware/executor.rb:14:in `call'
actionpack (5.2.2) lib/action_dispatch/middleware/debug_exceptions.rb:61:in `call'
web-console (3.7.0) lib/web_console/middleware.rb:135:in `call_app'
web-console (3.7.0) lib/web_console/middleware.rb:22:in `block in call'
web-console (3.7.0) lib/web_console/middleware.rb:20:in `catch'
web-console (3.7.0) lib/web_console/middleware.rb:20:in `call'
actionpack (5.2.2) lib/action_dispatch/middleware/show_exceptions.rb:33:in `call'
railties (5.2.2) lib/rails/rack/logger.rb:38:in `call_app'
railties (5.2.2) lib/rails/rack/logger.rb:26:in `block in call'
activesupport (5.2.2) lib/active_support/tagged_logging.rb:71:in `block in tagged'
activesupport (5.2.2) lib/active_support/tagged_logging.rb:28:in `tagged'
activesupport (5.2.2) lib/active_support/tagged_logging.rb:71:in `tagged'
railties (5.2.2) lib/rails/rack/logger.rb:26:in `call'
sprockets-rails (3.2.1) lib/sprockets/rails/quiet_assets.rb:13:in `call'
actionpack (5.2.2) lib/action_dispatch/middleware/remote_ip.rb:81:in `call'
actionpack (5.2.2) lib/action_dispatch/middleware/request_id.rb:27:in `call'
rack (2.0.6) lib/rack/method_override.rb:22:in `call'
rack (2.0.6) lib/rack/runtime.rb:22:in `call'
activesupport (5.2.2) lib/active_support/cache/strategy/local_cache_middleware.rb:29:in `call'
actionpack (5.2.2) lib/action_dispatch/middleware/executor.rb:14:in `call'
actionpack (5.2.2) lib/action_dispatch/middleware/static.rb:127:in `call'
rack (2.0.6) lib/rack/sendfile.rb:111:in `call'
railties (5.2.2) lib/rails/engine.rb:524:in `call'
puma (3.12.0) lib/puma/configuration.rb:225:in `call'
puma (3.12.0) lib/puma/server.rb:658:in `handle_request'
puma (3.12.0) lib/puma/server.rb:472:in `process_client'
puma (3.12.0) lib/puma/server.rb:332:in `block in run'
puma (3.12.0) lib/puma/thread_pool.rb:133:in `block in spawn_thread'
[1468] Early termination of worker
[1471] ! Detected parent died, dying
=== puma startup: 2018-12-21 12:47:58 +0800 ===
[1553] - Worker 0 (pid: 1556) booted, phase: 0
Started GET "/" for 180.169.229.242 at 2018-12-21 12:48:05 +0800
Cannot render console from 180.169.229.242! Allowed networks: 127.0.0.1, ::1, 127.0.0.0/127.255.255.255
  
ActiveRecord::ConnectionTimeoutError (could not obtain a connection from the pool within 5.000 seconds (waited 5.000 seconds); all pooled connections were in use):
  
activerecord (5.2.2) lib/active_record/connection_adapters/abstract/connection_pool.rb:201:in `block in wait_poll'
activerecord (5.2.2) lib/active_record/connection_adapters/abstract/connection_pool.rb:190:in `loop'
activerecord (5.2.2) lib/active_record/connection_adapters/abstract/connection_pool.rb:190:in `wait_poll'
activerecord (5.2.2) lib/active_record/connection_adapters/abstract/connection_pool.rb:151:in `internal_poll'
activerecord (5.2.2) lib/active_record/connection_adapters/abstract/connection_pool.rb:277:in `internal_poll'
activerecord (5.2.2) lib/active_record/connection_adapters/abstract/connection_pool.rb:145:in `block in poll'
/home/deployer/.rvm/rubies/ruby-2.3.1/lib/ruby/2.3.0/monitor.rb:214:in `mon_synchronize'
activerecord (5.2.2) lib/active_record/connection_adapters/abstract/connection_pool.rb:155:in `synchronize'
activerecord (5.2.2) lib/active_record/connection_adapters/abstract/connection_pool.rb:145:in `poll'
activerecord (5.2.2) lib/active_record/connection_adapters/abstract/connection_pool.rb:799:in `acquire_connection'
activerecord (5.2.2) lib/active_record/connection_adapters/abstract/connection_pool.rb:523:in `checkout'
activerecord (5.2.2) lib/active_record/connection_adapters/abstract/connection_pool.rb:382:in `connection'
activerecord (5.2.2) lib/active_record/connection_adapters/abstract/connection_pool.rb:1010:in `retrieve_connection'
activerecord (5.2.2) lib/active_record/connection_handling.rb:118:in `retrieve_connection'
activerecord (5.2.2) lib/active_record/connection_handling.rb:90:in `connection'
activerecord (5.2.2) lib/active_record/migration.rb:554:in `call'
actionpack (5.2.2) lib/action_dispatch/middleware/callbacks.rb:28:in `block in call'
activesupport (5.2.2) lib/active_support/callbacks.rb:98:in `run_callbacks'
actionpack (5.2.2) lib/action_dispatch/middleware/callbacks.rb:26:in `call'
actionpack (5.2.2) lib/action_dispatch/middleware/executor.rb:14:in `call'
actionpack (5.2.2) lib/action_dispatch/middleware/debug_exceptions.rb:61:in `call'
web-console (3.7.0) lib/web_console/middleware.rb:135:in `call_app'
web-console (3.7.0) lib/web_console/middleware.rb:22:in `block in call'
web-console (3.7.0) lib/web_console/middleware.rb:20:in `catch'
web-console (3.7.0) lib/web_console/middleware.rb:20:in `call'
actionpack (5.2.2) lib/action_dispatch/middleware/show_exceptions.rb:33:in `call'
railties (5.2.2) lib/rails/rack/logger.rb:38:in `call_app'
railties (5.2.2) lib/rails/rack/logger.rb:26:in `block in call'
activesupport (5.2.2) lib/active_support/tagged_logging.rb:71:in `block in tagged'
activesupport (5.2.2) lib/active_support/tagged_logging.rb:28:in `tagged'
activesupport (5.2.2) lib/active_support/tagged_logging.rb:71:in `tagged'
railties (5.2.2) lib/rails/rack/logger.rb:26:in `call'
sprockets-rails (3.2.1) lib/sprockets/rails/quiet_assets.rb:13:in `call'
actionpack (5.2.2) lib/action_dispatch/middleware/remote_ip.rb:81:in `call'
actionpack (5.2.2) lib/action_dispatch/middleware/request_id.rb:27:in `call'
rack (2.0.6) lib/rack/method_override.rb:22:in `call'
rack (2.0.6) lib/rack/runtime.rb:22:in `call'
activesupport (5.2.2) lib/active_support/cache/strategy/local_cache_middleware.rb:29:in `call'
actionpack (5.2.2) lib/action_dispatch/middleware/executor.rb:14:in `call'
actionpack (5.2.2) lib/action_dispatch/middleware/static.rb:127:in `call'
rack (2.0.6) lib/rack/sendfile.rb:111:in `call'
railties (5.2.2) lib/rails/engine.rb:524:in `call'
puma (3.12.0) lib/puma/configuration.rb:225:in `call'
puma (3.12.0) lib/puma/server.rb:658:in `handle_request'
puma (3.12.0) lib/puma/server.rb:472:in `process_client'
puma (3.12.0) lib/puma/server.rb:332:in `block in run'
puma (3.12.0) lib/puma/thread_pool.rb:133:in `block in spawn_thread'
Started GET "/" for 180.169.229.242 at 2018-12-21 12:48:12 +0800
Cannot render console from 180.169.229.242! Allowed networks: 127.0.0.1, ::1, 127.0.0.0/127.255.255.255
  
ActiveRecord::ConnectionTimeoutError (could not obtain a connection from the pool within 5.000 seconds (waited 5.000 seconds); all pooled connections were in use):
  
activerecord (5.2.2) lib/active_record/connection_adapters/abstract/connection_pool.rb:201:in `block in wait_poll'
activerecord (5.2.2) lib/active_record/connection_adapters/abstract/connection_pool.rb:190:in `loop'
activerecord (5.2.2) lib/active_record/connection_adapters/abstract/connection_pool.rb:190:in `wait_poll'
activerecord (5.2.2) lib/active_record/connection_adapters/abstract/connection_pool.rb:151:in `internal_poll'
activerecord (5.2.2) lib/active_record/connection_adapters/abstract/connection_pool.rb:277:in `internal_poll'
activerecord (5.2.2) lib/active_record/connection_adapters/abstract/connection_pool.rb:145:in `block in poll'
/home/deployer/.rvm/rubies/ruby-2.3.1/lib/ruby/2.3.0/monitor.rb:214:in `mon_synchronize'
activerecord (5.2.2) lib/active_record/connection_adapters/abstract/connection_pool.rb:155:in `synchronize'
activerecord (5.2.2) lib/active_record/connection_adapters/abstract/connection_pool.rb:145:in `poll'
activerecord (5.2.2) lib/active_record/connection_adapters/abstract/connection_pool.rb:799:in `acquire_connection'
activerecord (5.2.2) lib/active_record/connection_adapters/abstract/connection_pool.rb:523:in `checkout'
activerecord (5.2.2) lib/active_record/connection_adapters/abstract/connection_pool.rb:382:in `connection'
activerecord (5.2.2) lib/active_record/connection_adapters/abstract/connection_pool.rb:1010:in `retrieve_connection'
activerecord (5.2.2) lib/active_record/connection_handling.rb:118:in `retrieve_connection'
activerecord (5.2.2) lib/active_record/connection_handling.rb:90:in `connection'
activerecord (5.2.2) lib/active_record/migration.rb:554:in `call'
actionpack (5.2.2) lib/action_dispatch/middleware/callbacks.rb:28:in `block in call'
activesupport (5.2.2) lib/active_support/callbacks.rb:98:in `run_callbacks'
actionpack (5.2.2) lib/action_dispatch/middleware/callbacks.rb:26:in `call'
actionpack (5.2.2) lib/action_dispatch/middleware/executor.rb:14:in `call'
actionpack (5.2.2) lib/action_dispatch/middleware/debug_exceptions.rb:61:in `call'
web-console (3.7.0) lib/web_console/middleware.rb:135:in `call_app'
web-console (3.7.0) lib/web_console/middleware.rb:22:in `block in call'
web-console (3.7.0) lib/web_console/middleware.rb:20:in `catch'
web-console (3.7.0) lib/web_console/middleware.rb:20:in `call'
actionpack (5.2.2) lib/action_dispatch/middleware/show_exceptions.rb:33:in `call'
railties (5.2.2) lib/rails/rack/logger.rb:38:in `call_app'
railties (5.2.2) lib/rails/rack/logger.rb:26:in `block in call'
activesupport (5.2.2) lib/active_support/tagged_logging.rb:71:in `block in tagged'
activesupport (5.2.2) lib/active_support/tagged_logging.rb:28:in `tagged'
activesupport (5.2.2) lib/active_support/tagged_logging.rb:71:in `tagged'
railties (5.2.2) lib/rails/rack/logger.rb:26:in `call'
sprockets-rails (3.2.1) lib/sprockets/rails/quiet_assets.rb:13:in `call'
actionpack (5.2.2) lib/action_dispatch/middleware/remote_ip.rb:81:in `call'
actionpack (5.2.2) lib/action_dispatch/middleware/request_id.rb:27:in `call'
rack (2.0.6) lib/rack/method_override.rb:22:in `call'
rack (2.0.6) lib/rack/runtime.rb:22:in `call'
activesupport (5.2.2) lib/active_support/cache/strategy/local_cache_middleware.rb:29:in `call'
actionpack (5.2.2) lib/action_dispatch/middleware/executor.rb:14:in `call'
actionpack (5.2.2) lib/action_dispatch/middleware/static.rb:127:in `call'
rack (2.0.6) lib/rack/sendfile.rb:111:in `call'
railties (5.2.2) lib/rails/engine.rb:524:in `call'
puma (3.12.0) lib/puma/configuration.rb:225:in `call'
puma (3.12.0) lib/puma/server.rb:658:in `handle_request'
puma (3.12.0) lib/puma/server.rb:472:in `process_client'
puma (3.12.0) lib/puma/server.rb:332:in `block in run'
puma (3.12.0) lib/puma/thread_pool.rb:133:in `block in spawn_thread'
Started GET "/" for 47.52.210.94 at 2018-12-21 12:49:18 +0800
Cannot render console from 47.52.210.94! Allowed networks: 127.0.0.1, ::1, 127.0.0.0/127.255.255.255
  
ActiveRecord::ConnectionTimeoutError (could not obtain a connection from the pool within 5.000 seconds (waited 5.000 seconds); all pooled connections were in use):
  
activerecord (5.2.2) lib/active_record/connection_adapters/abstract/connection_pool.rb:201:in `block in wait_poll'
activerecord (5.2.2) lib/active_record/connection_adapters/abstract/connection_pool.rb:190:in `loop'
activerecord (5.2.2) lib/active_record/connection_adapters/abstract/connection_pool.rb:190:in `wait_poll'
activerecord (5.2.2) lib/active_record/connection_adapters/abstract/connection_pool.rb:151:in `internal_poll'
activerecord (5.2.2) lib/active_record/connection_adapters/abstract/connection_pool.rb:277:in `internal_poll'
activerecord (5.2.2) lib/active_record/connection_adapters/abstract/connection_pool.rb:145:in `block in poll'
/home/deployer/.rvm/rubies/ruby-2.3.1/lib/ruby/2.3.0/monitor.rb:214:in `mon_synchronize'
activerecord (5.2.2) lib/active_record/connection_adapters/abstract/connection_pool.rb:155:in `synchronize'
activerecord (5.2.2) lib/active_record/connection_adapters/abstract/connection_pool.rb:145:in `poll'
activerecord (5.2.2) lib/active_record/connection_adapters/abstract/connection_pool.rb:799:in `acquire_connection'
activerecord (5.2.2) lib/active_record/connection_adapters/abstract/connection_pool.rb:523:in `checkout'
activerecord (5.2.2) lib/active_record/connection_adapters/abstract/connection_pool.rb:382:in `connection'
activerecord (5.2.2) lib/active_record/connection_adapters/abstract/connection_pool.rb:1010:in `retrieve_connection'
activerecord (5.2.2) lib/active_record/connection_handling.rb:118:in `retrieve_connection'
activerecord (5.2.2) lib/active_record/connection_handling.rb:90:in `connection'
activerecord (5.2.2) lib/active_record/migration.rb:554:in `call'
actionpack (5.2.2) lib/action_dispatch/middleware/callbacks.rb:28:in `block in call'
activesupport (5.2.2) lib/active_support/callbacks.rb:98:in `run_callbacks'
actionpack (5.2.2) lib/action_dispatch/middleware/callbacks.rb:26:in `call'
actionpack (5.2.2) lib/action_dispatch/middleware/executor.rb:14:in `call'
actionpack (5.2.2) lib/action_dispatch/middleware/debug_exceptions.rb:61:in `call'
web-console (3.7.0) lib/web_console/middleware.rb:135:in `call_app'
web-console (3.7.0) lib/web_console/middleware.rb:22:in `block in call'
web-console (3.7.0) lib/web_console/middleware.rb:20:in `catch'
web-console (3.7.0) lib/web_console/middleware.rb:20:in `call'
actionpack (5.2.2) lib/action_dispatch/middleware/show_exceptions.rb:33:in `call'
railties (5.2.2) lib/rails/rack/logger.rb:38:in `call_app'
railties (5.2.2) lib/rails/rack/logger.rb:26:in `block in call'
activesupport (5.2.2) lib/active_support/tagged_logging.rb:71:in `block in tagged'
activesupport (5.2.2) lib/active_support/tagged_logging.rb:28:in `tagged'
activesupport (5.2.2) lib/active_support/tagged_logging.rb:71:in `tagged'
railties (5.2.2) lib/rails/rack/logger.rb:26:in `call'
sprockets-rails (3.2.1) lib/sprockets/rails/quiet_assets.rb:13:in `call'
actionpack (5.2.2) lib/action_dispatch/middleware/remote_ip.rb:81:in `call'
actionpack (5.2.2) lib/action_dispatch/middleware/request_id.rb:27:in `call'
rack (2.0.6) lib/rack/method_override.rb:22:in `call'
rack (2.0.6) lib/rack/runtime.rb:22:in `call'
activesupport (5.2.2) lib/active_support/cache/strategy/local_cache_middleware.rb:29:in `call'
actionpack (5.2.2) lib/action_dispatch/middleware/executor.rb:14:in `call'
actionpack (5.2.2) lib/action_dispatch/middleware/static.rb:127:in `call'
rack (2.0.6) lib/rack/sendfile.rb:111:in `call'
railties (5.2.2) lib/rails/engine.rb:524:in `call'
puma (3.12.0) lib/puma/configuration.rb:225:in `call'
puma (3.12.0) lib/puma/server.rb:658:in `handle_request'
puma (3.12.0) lib/puma/server.rb:472:in `process_client'
puma (3.12.0) lib/puma/server.rb:332:in `block in run'
puma (3.12.0) lib/puma/thread_pool.rb:133:in `block in spawn_thread'
[1553] Early termination of worker
[1556] ! Detected parent died, dying
=== puma startup: 2018-12-21 12:54:26 +0800 ===
[1660] - Worker 0 (pid: 1663) booted, phase: 0
Started GET "/" for 180.169.229.242 at 2018-12-21 12:54:41 +0800
Cannot render console from 180.169.229.242! Allowed networks: 127.0.0.1, ::1, 127.0.0.0/127.255.255.255
Processing by Rails::WelcomeController#index as HTML
  Rendering /home/deployer/.rvm/gems/ruby-2.3.1/gems/railties-5.2.2/lib/rails/templates/rails/welcome/index.html.erb
  Rendered /home/deployer/.rvm/gems/ruby-2.3.1/gems/railties-5.2.2/lib/rails/templates/rails/welcome/index.html.erb (3.7ms)
Completed 200 OK in 24ms (Views: 7.1ms | ActiveRecord: 0.0ms)


Started GET "/" for 180.169.229.242 at 2018-12-21 12:55:36 +0800
Cannot render console from 180.169.229.242! Allowed networks: 127.0.0.1, ::1, 127.0.0.0/127.255.255.255
Processing by Rails::WelcomeController#index as HTML
  Rendering /home/deployer/.rvm/gems/ruby-2.3.1/gems/railties-5.2.2/lib/rails/templates/rails/welcome/index.html.erb
  Rendered /home/deployer/.rvm/gems/ruby-2.3.1/gems/railties-5.2.2/lib/rails/templates/rails/welcome/index.html.erb (2.7ms)
Completed 200 OK in 6ms (Views: 4.0ms | ActiveRecord: 0.0ms)


Started GET "/" for 138.204.135.88 at 2018-12-21 13:13:16 +0800
Cannot render console from 138.204.135.88! Allowed networks: 127.0.0.1, ::1, 127.0.0.0/127.255.255.255
Processing by Rails::WelcomeController#index as HTML
  Rendering /home/deployer/.rvm/gems/ruby-2.3.1/gems/railties-5.2.2/lib/rails/templates/rails/welcome/index.html.erb
  Rendered /home/deployer/.rvm/gems/ruby-2.3.1/gems/railties-5.2.2/lib/rails/templates/rails/welcome/index.html.erb (20.7ms)
Completed 200 OK in 23ms (Views: 22.0ms | ActiveRecord: 0.0ms)


Started GET "/" for 104.238.248.13 at 2018-12-21 13:21:58 +0800
Cannot render console from 104.238.248.13! Allowed networks: 127.0.0.1, ::1, 127.0.0.0/127.255.255.255
Processing by Rails::WelcomeController#index as HTML
  Rendering /home/deployer/.rvm/gems/ruby-2.3.1/gems/railties-5.2.2/lib/rails/templates/rails/welcome/index.html.erb
  Rendered /home/deployer/.rvm/gems/ruby-2.3.1/gems/railties-5.2.2/lib/rails/templates/rails/welcome/index.html.erb (2.8ms)
Completed 200 OK in 5ms (Views: 3.7ms | ActiveRecord: 0.0ms)


Started GET "/cache/global/img/gs.gif" for 80.82.70.187 at 2018-12-21 13:36:17 +0800
Cannot render console from 80.82.70.187! Allowed networks: 127.0.0.1, ::1, 127.0.0.0/127.255.255.255
  
ActionController::RoutingError (No route matches [GET] "/cache/global/img/gs.gif"):
  
actionpack (5.2.2) lib/action_dispatch/middleware/debug_exceptions.rb:65:in `call'
web-console (3.7.0) lib/web_console/middleware.rb:135:in `call_app'
web-console (3.7.0) lib/web_console/middleware.rb:22:in `block in call'
web-console (3.7.0) lib/web_console/middleware.rb:20:in `catch'
web-console (3.7.0) lib/web_console/middleware.rb:20:in `call'
actionpack (5.2.2) lib/action_dispatch/middleware/show_exceptions.rb:33:in `call'
railties (5.2.2) lib/rails/rack/logger.rb:38:in `call_app'
railties (5.2.2) lib/rails/rack/logger.rb:26:in `block in call'
activesupport (5.2.2) lib/active_support/tagged_logging.rb:71:in `block in tagged'
activesupport (5.2.2) lib/active_support/tagged_logging.rb:28:in `tagged'
activesupport (5.2.2) lib/active_support/tagged_logging.rb:71:in `tagged'
railties (5.2.2) lib/rails/rack/logger.rb:26:in `call'
sprockets-rails (3.2.1) lib/sprockets/rails/quiet_assets.rb:13:in `call'
actionpack (5.2.2) lib/action_dispatch/middleware/remote_ip.rb:81:in `call'
actionpack (5.2.2) lib/action_dispatch/middleware/request_id.rb:27:in `call'
rack (2.0.6) lib/rack/method_override.rb:22:in `call'
rack (2.0.6) lib/rack/runtime.rb:22:in `call'
activesupport (5.2.2) lib/active_support/cache/strategy/local_cache_middleware.rb:29:in `call'
actionpack (5.2.2) lib/action_dispatch/middleware/executor.rb:14:in `call'
actionpack (5.2.2) lib/action_dispatch/middleware/static.rb:127:in `call'
rack (2.0.6) lib/rack/sendfile.rb:111:in `call'
railties (5.2.2) lib/rails/engine.rb:524:in `call'
puma (3.12.0) lib/puma/configuration.rb:225:in `call'
puma (3.12.0) lib/puma/server.rb:658:in `handle_request'
puma (3.12.0) lib/puma/server.rb:472:in `process_client'
puma (3.12.0) lib/puma/server.rb:332:in `block in run'
puma (3.12.0) lib/puma/thread_pool.rb:133:in `block in spawn_thread'
Started GET "/" for 27.77.65.25 at 2018-12-21 14:01:46 +0800
Cannot render console from 27.77.65.25! Allowed networks: 127.0.0.1, ::1, 127.0.0.0/127.255.255.255
Processing by Rails::WelcomeController#index as HTML
  Rendering /home/deployer/.rvm/gems/ruby-2.3.1/gems/railties-5.2.2/lib/rails/templates/rails/welcome/index.html.erb
  Rendered /home/deployer/.rvm/gems/ruby-2.3.1/gems/railties-5.2.2/lib/rails/templates/rails/welcome/index.html.erb (2.7ms)
Completed 200 OK in 5ms (Views: 3.7ms | ActiveRecord: 0.0ms)


Started GET "/ccvv" for 71.6.202.198 at 2018-12-21 14:46:27 +0800
Cannot render console from 71.6.202.198! Allowed networks: 127.0.0.1, ::1, 127.0.0.0/127.255.255.255
  
ActionController::RoutingError (No route matches [GET] "/ccvv"):
  
actionpack (5.2.2) lib/action_dispatch/middleware/debug_exceptions.rb:65:in `call'
web-console (3.7.0) lib/web_console/middleware.rb:135:in `call_app'
web-console (3.7.0) lib/web_console/middleware.rb:22:in `block in call'
web-console (3.7.0) lib/web_console/middleware.rb:20:in `catch'
web-console (3.7.0) lib/web_console/middleware.rb:20:in `call'
actionpack (5.2.2) lib/action_dispatch/middleware/show_exceptions.rb:33:in `call'
railties (5.2.2) lib/rails/rack/logger.rb:38:in `call_app'
railties (5.2.2) lib/rails/rack/logger.rb:26:in `block in call'
activesupport (5.2.2) lib/active_support/tagged_logging.rb:71:in `block in tagged'
activesupport (5.2.2) lib/active_support/tagged_logging.rb:28:in `tagged'
activesupport (5.2.2) lib/active_support/tagged_logging.rb:71:in `tagged'
railties (5.2.2) lib/rails/rack/logger.rb:26:in `call'
sprockets-rails (3.2.1) lib/sprockets/rails/quiet_assets.rb:13:in `call'
actionpack (5.2.2) lib/action_dispatch/middleware/remote_ip.rb:81:in `call'
actionpack (5.2.2) lib/action_dispatch/middleware/request_id.rb:27:in `call'
rack (2.0.6) lib/rack/method_override.rb:22:in `call'
rack (2.0.6) lib/rack/runtime.rb:22:in `call'
activesupport (5.2.2) lib/active_support/cache/strategy/local_cache_middleware.rb:29:in `call'
actionpack (5.2.2) lib/action_dispatch/middleware/executor.rb:14:in `call'
actionpack (5.2.2) lib/action_dispatch/middleware/static.rb:127:in `call'
rack (2.0.6) lib/rack/sendfile.rb:111:in `call'
railties (5.2.2) lib/rails/engine.rb:524:in `call'
puma (3.12.0) lib/puma/configuration.rb:225:in `call'
puma (3.12.0) lib/puma/server.rb:658:in `handle_request'
puma (3.12.0) lib/puma/server.rb:472:in `process_client'
puma (3.12.0) lib/puma/server.rb:332:in `block in run'
puma (3.12.0) lib/puma/thread_pool.rb:133:in `block in spawn_thread'
Started GET "/" for 202.173.11.248 at 2018-12-21 14:55:26 +0800
Cannot render console from 202.173.11.248! Allowed networks: 127.0.0.1, ::1, 127.0.0.0/127.255.255.255
Processing by Rails::WelcomeController#index as HTML
  Rendering /home/deployer/.rvm/gems/ruby-2.3.1/gems/railties-5.2.2/lib/rails/templates/rails/welcome/index.html.erb
  Rendered /home/deployer/.rvm/gems/ruby-2.3.1/gems/railties-5.2.2/lib/rails/templates/rails/welcome/index.html.erb (2.9ms)
Completed 200 OK in 5ms (Views: 4.3ms | ActiveRecord: 0.0ms)


Started GET "/" for 47.92.121.206 at 2018-12-21 14:57:42 +0800
Cannot render console from 47.92.121.206! Allowed networks: 127.0.0.1, ::1, 127.0.0.0/127.255.255.255
Processing by Rails::WelcomeController#index as HTML
  Rendering /home/deployer/.rvm/gems/ruby-2.3.1/gems/railties-5.2.2/lib/rails/templates/rails/welcome/index.html.erb
  Rendered /home/deployer/.rvm/gems/ruby-2.3.1/gems/railties-5.2.2/lib/rails/templates/rails/welcome/index.html.erb (3.6ms)
Completed 200 OK in 6ms (Views: 5.0ms | ActiveRecord: 0.0ms)


[1660] Early termination of worker
[1663] ! Detected parent died, dying
